# Logfile created on 2014-01-13 22:49:06 -0800 by logger.rb/44203
I, [2014-01-13T22:49:06.025135 #95535]  INFO -- : 0:  rake (10.1.1) from /Users/christopherclaiborne/.rvm/gems/ruby-2.1.0/specifications/rake-10.1.1.gemspec
I, [2014-01-13T22:49:06.025617 #95535]  INFO -- : 0:  i18n (0.6.9) from /Users/christopherclaiborne/.rvm/gems/ruby-2.1.0/specifications/i18n-0.6.9.gemspec
I, [2014-01-13T22:49:06.025953 #95535]  INFO -- : 0:  minitest (4.7.5) from /Users/christopherclaiborne/.rvm/rubies/ruby-2.1.0/lib/ruby/gems/2.1.0/specifications/default/minitest-4.7.5.gemspec
I, [2014-01-13T22:49:06.026288 #95535]  INFO -- : 0:  multi_json (1.8.4) from /Users/christopherclaiborne/.rvm/gems/ruby-2.1.0/specifications/multi_json-1.8.4.gemspec
I, [2014-01-13T22:49:06.026609 #95535]  INFO -- : 0:  atomic (1.1.14) from /Users/christopherclaiborne/.rvm/gems/ruby-2.1.0/specifications/atomic-1.1.14.gemspec
I, [2014-01-13T22:49:06.026933 #95535]  INFO -- : 0:  thread_safe (0.1.3) from /Users/christopherclaiborne/.rvm/gems/ruby-2.1.0/specifications/thread_safe-0.1.3.gemspec
I, [2014-01-13T22:49:06.027256 #95535]  INFO -- : 0:  tzinfo (0.3.38) from /Users/christopherclaiborne/.rvm/gems/ruby-2.1.0/specifications/tzinfo-0.3.38.gemspec
I, [2014-01-13T22:49:06.027575 #95535]  INFO -- : 0:  activesupport (4.0.2) from /Users/christopherclaiborne/.rvm/gems/ruby-2.1.0/specifications/activesupport-4.0.2.gemspec
I, [2014-01-13T22:49:06.027888 #95535]  INFO -- : 0:  builder (3.1.4) from /Users/christopherclaiborne/.rvm/gems/ruby-2.1.0/specifications/builder-3.1.4.gemspec
I, [2014-01-13T22:49:06.028213 #95535]  INFO -- : 0:  erubis (2.7.0) from /Users/christopherclaiborne/.rvm/gems/ruby-2.1.0/specifications/erubis-2.7.0.gemspec
I, [2014-01-13T22:49:06.028531 #95535]  INFO -- : 0:  rack (1.5.2) from /Users/christopherclaiborne/.rvm/gems/ruby-2.1.0/specifications/rack-1.5.2.gemspec
I, [2014-01-13T22:49:06.028845 #95535]  INFO -- : 0:  rack-test (0.6.2) from /Users/christopherclaiborne/.rvm/gems/ruby-2.1.0/specifications/rack-test-0.6.2.gemspec
I, [2014-01-13T22:49:06.029167 #95535]  INFO -- : 0:  actionpack (4.0.2) from /Users/christopherclaiborne/.rvm/gems/ruby-2.1.0/specifications/actionpack-4.0.2.gemspec
I, [2014-01-13T22:49:06.029482 #95535]  INFO -- : 0:  mime-types (1.25.1) from /Users/christopherclaiborne/.rvm/gems/ruby-2.1.0/specifications/mime-types-1.25.1.gemspec
I, [2014-01-13T22:49:06.029800 #95535]  INFO -- : 0:  polyglot (0.3.3) from /Users/christopherclaiborne/.rvm/gems/ruby-2.1.0/specifications/polyglot-0.3.3.gemspec
I, [2014-01-13T22:49:06.030113 #95535]  INFO -- : 0:  treetop (1.4.15) from /Users/christopherclaiborne/.rvm/gems/ruby-2.1.0/specifications/treetop-1.4.15.gemspec
I, [2014-01-13T22:49:06.030428 #95535]  INFO -- : 0:  mail (2.5.4) from /Users/christopherclaiborne/.rvm/gems/ruby-2.1.0/specifications/mail-2.5.4.gemspec
I, [2014-01-13T22:49:06.030743 #95535]  INFO -- : 0:  actionmailer (4.0.2) from /Users/christopherclaiborne/.rvm/gems/ruby-2.1.0/specifications/actionmailer-4.0.2.gemspec
I, [2014-01-13T22:49:06.031050 #95535]  INFO -- : 0:  activemodel (4.0.2) from /Users/christopherclaiborne/.rvm/gems/ruby-2.1.0/specifications/activemodel-4.0.2.gemspec
I, [2014-01-13T22:49:06.031358 #95535]  INFO -- : 0:  activerecord-deprecated_finders (1.0.3) from /Users/christopherclaiborne/.rvm/gems/ruby-2.1.0/specifications/activerecord-deprecated_finders-1.0.3.gemspec
I, [2014-01-13T22:49:06.031671 #95535]  INFO -- : 0:  arel (4.0.1) from /Users/christopherclaiborne/.rvm/gems/ruby-2.1.0/specifications/arel-4.0.1.gemspec
I, [2014-01-13T22:49:06.031986 #95535]  INFO -- : 0:  activerecord (4.0.2) from /Users/christopherclaiborne/.rvm/gems/ruby-2.1.0/specifications/activerecord-4.0.2.gemspec
I, [2014-01-13T22:49:06.945654 #95535]  INFO -- : 0:  coffee-script-source (1.6.3) from /Users/christopherclaiborne/.rvm/gems/ruby-2.1.0/specifications/coffee-script-source-1.6.3.gemspec
I, [2014-01-13T22:49:07.337679 #95535]  INFO -- : 0:  execjs (2.0.2) from /Users/christopherclaiborne/.rvm/gems/ruby-2.1.0/specifications/execjs-2.0.2.gemspec
I, [2014-01-13T22:49:07.913685 #95535]  INFO -- : 0:  coffee-script (2.2.0) from /Users/christopherclaiborne/.rvm/gems/ruby-2.1.0/specifications/coffee-script-2.2.0.gemspec
I, [2014-01-13T22:49:07.914252 #95535]  INFO -- : 0:  thor (0.18.1) from /Users/christopherclaiborne/.rvm/gems/ruby-2.1.0/specifications/thor-0.18.1.gemspec
I, [2014-01-13T22:49:07.914692 #95535]  INFO -- : 0:  railties (4.0.2) from /Users/christopherclaiborne/.rvm/gems/ruby-2.1.0/specifications/railties-4.0.2.gemspec
I, [2014-01-13T22:49:08.327832 #95535]  INFO -- : 0:  coffee-rails (4.0.1) from /Users/christopherclaiborne/.rvm/gems/ruby-2.1.0/specifications/coffee-rails-4.0.1.gemspec
I, [2014-01-13T22:49:08.328359 #95535]  INFO -- : 0:  hike (1.2.3) from /Users/christopherclaiborne/.rvm/gems/ruby-2.1.0/specifications/hike-1.2.3.gemspec
I, [2014-01-13T22:49:08.764767 #95535]  INFO -- : 0:  jbuilder (1.5.3) from /Users/christopherclaiborne/.rvm/gems/ruby-2.1.0/specifications/jbuilder-1.5.3.gemspec
I, [2014-01-13T22:49:09.850666 #95535]  INFO -- : 0:  jquery-rails (3.0.4) from /Users/christopherclaiborne/.rvm/gems/ruby-2.1.0/specifications/jquery-rails-3.0.4.gemspec
I, [2014-01-13T22:49:09.851283 #95535]  INFO -- : 0:  json (1.8.1) from /Users/christopherclaiborne/.rvm/rubies/ruby-2.1.0/lib/ruby/gems/2.1.0/specifications/default/json-1.8.1.gemspec
I, [2014-01-13T22:49:09.851741 #95535]  INFO -- : 0:  bundler (1.5.1) from /Users/christopherclaiborne/.rvm/gems/ruby-2.1.0@global/specifications/bundler-1.5.1.gemspec
I, [2014-01-13T22:49:09.852185 #95535]  INFO -- : 0:  tilt (1.4.1) from /Users/christopherclaiborne/.rvm/gems/ruby-2.1.0/specifications/tilt-1.4.1.gemspec
I, [2014-01-13T22:49:09.852622 #95535]  INFO -- : 0:  sprockets (2.10.1) from /Users/christopherclaiborne/.rvm/gems/ruby-2.1.0/specifications/sprockets-2.10.1.gemspec
I, [2014-01-13T22:49:09.853103 #95535]  INFO -- : 0:  sprockets-rails (2.0.1) from /Users/christopherclaiborne/.rvm/gems/ruby-2.1.0/specifications/sprockets-rails-2.0.1.gemspec
I, [2014-01-13T22:49:09.853567 #95535]  INFO -- : 0:  rails (4.0.2) from /Users/christopherclaiborne/.rvm/gems/ruby-2.1.0/specifications/rails-4.0.2.gemspec
I, [2014-01-13T22:49:11.320461 #95535]  INFO -- : 0:  rdoc (4.1.1) from /Users/christopherclaiborne/.rvm/gems/ruby-2.1.0/specifications/rdoc-4.1.1.gemspec
I, [2014-01-13T22:49:12.177421 #95535]  INFO -- : 0:  sass (3.2.13) from /Users/christopherclaiborne/.rvm/gems/ruby-2.1.0/specifications/sass-3.2.13.gemspec
I, [2014-01-13T22:49:12.805980 #95535]  INFO -- : 0:  sass-rails (4.0.1) from /Users/christopherclaiborne/.rvm/gems/ruby-2.1.0/specifications/sass-rails-4.0.1.gemspec
I, [2014-01-13T22:49:13.980455 #95535]  INFO -- : 0:  sdoc (0.4.0) from /Users/christopherclaiborne/.rvm/gems/ruby-2.1.0/specifications/sdoc-0.4.0.gemspec
I, [2014-01-13T22:49:17.138427 #95535]  INFO -- : 0:  sqlite3 (1.3.8) from /Users/christopherclaiborne/.rvm/gems/ruby-2.1.0/specifications/sqlite3-1.3.8.gemspec
I, [2014-01-13T22:49:18.749419 #95535]  INFO -- : 0:  turbolinks (2.2.0) from /Users/christopherclaiborne/.rvm/gems/ruby-2.1.0/specifications/turbolinks-2.2.0.gemspec
I, [2014-01-13T22:49:19.783688 #95535]  INFO -- : 0:  uglifier (2.4.0) from /Users/christopherclaiborne/.rvm/gems/ruby-2.1.0/specifications/uglifier-2.4.0.gemspec
